#
# A fatal error has been detected by the Java Runtime Environment:
#
#  Internal Error (oops/constantPool.hpp:358), pid=256332, tid=0x000000000003e9f0
#  guarantee(tag_at(which).is_klass()) failed: Corrupted constant pool
#
# JRE version: OpenJDK Runtime Environment (8.0_112-b06) (build 1.8.0_112-release-b06)
# Java VM: OpenJDK 64-Bit Server VM (25.112-b06 mixed mode windows-amd64 compressed oops)
# Failed to write core dump. Minidumps are not enabled by default on client versions of Windows
#
# If you would like to submit a bug report, please visit:
#   http://bugreport.java.com/bugreport/crash.jsp
#

---------------  T H R E A D  ---------------

Current thread (0x0000000019bb8800):  JavaThread "Daemon worker" [_thread_in_vm, id=256496, stack(0x000000001ca00000,0x000000001cc00000)]

Stack: [0x000000001ca00000,0x000000001cc00000]
[error occurred during error reporting (printing stack bounds), id 0xc0000005]

Native frames: (J=compiled Java code, j=interpreted, Vv=VM code, C=native code)

Java frames: (J=compiled Java code, j=interpreted, Vv=VM code)
j  com.sun.tools.javac.tree.TreeScanner.<init>()V+1
j  com.sun.tools.javac.processing.JavacProcessingEnvironment$1.<init>()V+1
j  com.sun.tools.javac.processing.JavacProcessingEnvironment.<clinit>()V+4
v  ~StubRoutines::call_stub
j  com.sun.tools.javac.main.JavaCompiler.initProcessAnnotations(Ljava/lang/Iterable;)V+36
j  com.sun.tools.javac.main.JavaCompiler.compile(Lcom/sun/tools/javac/util/List;Lcom/sun/tools/javac/util/List;Ljava/lang/Iterable;)V+133
j  com.sun.tools.javac.main.Main.compile([Ljava/lang/String;[Ljava/lang/String;Lcom/sun/tools/javac/util/Context;Lcom/sun/tools/javac/util/List;Ljava/lang/Iterable;)Lcom/sun/tools/javac/main/Main$Result;+1299
j  com.sun.tools.javac.api.JavacTaskImpl.doCall()Lcom/sun/tools/javac/main/Main$Result;+59
j  com.sun.tools.javac.api.JavacTaskImpl.call()Ljava/lang/Boolean;+1
j  org.gradle.api.internal.tasks.compile.JdkJavaCompiler.execute(Lorg/gradle/api/internal/tasks/compile/JavaCompileSpec;)Lorg/gradle/api/tasks/WorkResult;+17
j  org.gradle.api.internal.tasks.compile.JdkJavaCompiler.execute(Lorg/gradle/language/base/internal/compile/CompileSpec;)Lorg/gradle/api/tasks/WorkResult;+5
j  org.gradle.api.internal.tasks.compile.NormalizingJavaCompiler.delegateAndHandleErrors(Lorg/gradle/api/internal/tasks/compile/JavaCompileSpec;)Lorg/gradle/api/tasks/WorkResult;+5
j  org.gradle.api.internal.tasks.compile.NormalizingJavaCompiler.execute(Lorg/gradle/api/internal/tasks/compile/JavaCompileSpec;)Lorg/gradle/api/tasks/WorkResult;+27
j  org.gradle.api.internal.tasks.compile.NormalizingJavaCompiler.execute(Lorg/gradle/language/base/internal/compile/CompileSpec;)Lorg/gradle/api/tasks/WorkResult;+5
j  org.gradle.api.internal.tasks.compile.CleaningJavaCompilerSupport.execute(Lorg/gradle/api/internal/tasks/compile/JavaCompileSpec;)Lorg/gradle/api/tasks/WorkResult;+37
j  org.gradle.api.internal.tasks.compile.CleaningJavaCompilerSupport.execute(Lorg/gradle/language/base/internal/compile/CompileSpec;)Lorg/gradle/api/tasks/WorkResult;+5
j  org.gradle.api.internal.tasks.compile.incremental.IncrementalCompilationFinalizer.execute(Lorg/gradle/api/internal/tasks/compile/JavaCompileSpec;)Lorg/gradle/api/tasks/WorkResult;+5
j  org.gradle.api.internal.tasks.compile.incremental.IncrementalCompilationFinalizer.execute(Lorg/gradle/language/base/internal/compile/CompileSpec;)Lorg/gradle/api/tasks/WorkResult;+5
j  org.gradle.api.tasks.compile.JavaCompile.performCompilation(Lorg/gradle/api/internal/tasks/compile/JavaCompileSpec;Lorg/gradle/language/base/internal/compile/Compiler;)V+2
j  org.gradle.api.tasks.compile.JavaCompile.compile(Lorg/gradle/api/tasks/incremental/IncrementalTaskInputs;)V+96
j  com.android.build.gradle.tasks.factory.AndroidJavaCompile.compile(Lorg/gradle/api/tasks/incremental/IncrementalTaskInputs;)V+82
v  ~StubRoutines::call_stub
J 2123  sun.reflect.NativeMethodAccessorImpl.invoke0(Ljava/lang/reflect/Method;Ljava/lang/Object;[Ljava/lang/Object;)Ljava/lang/Object; (0 bytes) @ 0x00000000031cf4bf [0x00000000031cf440+0x7f]
J 2122 C1 sun.reflect.NativeMethodAccessorImpl.invoke(Ljava/lang/Object;[Ljava/lang/Object;)Ljava/lang/Object; (104 bytes) @ 0x00000000031d3a64 [0x00000000031d28c0+0x11a4]
J 6568 C2 java.lang.reflect.Method.invoke(Ljava/lang/Object;[Ljava/lang/Object;)Ljava/lang/Object; (62 bytes) @ 0x0000000003f46484 [0x0000000003f46400+0x84]
J 3288 C1 org.gradle.internal.reflect.JavaMethod.invoke(Ljava/lang/Object;[Ljava/lang/Object;)Ljava/lang/Object; (74 bytes) @ 0x00000000035b9fbc [0x00000000035b9ea0+0x11c]
j  org.gradle.api.internal.project.taskfactory.DefaultTaskClassInfoStore$IncrementalTaskAction.doExecute(Lorg/gradle/api/Task;Ljava/lang/String;)V+35
j  org.gradle.api.internal.project.taskfactory.DefaultTaskClassInfoStore$StandardTaskAction.execute(Lorg/gradle/api/Task;)V+32
j  org.gradle.api.internal.project.taskfactory.DefaultTaskClassInfoStore$StandardTaskAction.execute(Ljava/lang/Object;)V+5
j  org.gradle.api.internal.tasks.execution.ExecuteActionsTaskExecuter.executeAction(Lorg/gradle/api/internal/TaskInternal;Lorg/gradle/api/internal/tasks/ContextAwareTaskAction;Lorg/gradle/api/internal/tasks/TaskExecutionContext;)V+9
j  org.gradle.api.internal.tasks.execution.ExecuteActionsTaskExecuter.executeActions(Lorg/gradle/api/internal/TaskInternal;Lorg/gradle/api/internal/tasks/TaskStateInternal;Lorg/gradle/api/internal/tasks/TaskExecutionContext;)Lorg/gradle/api/GradleException;+79
j  org.gradle.api.internal.tasks.execution.ExecuteActionsTaskExecuter.execute(Lorg/gradle/api/internal/TaskInternal;Lorg/gradle/api/internal/tasks/TaskStateInternal;Lorg/gradle/api/internal/tasks/TaskExecutionContext;)V+42
j  org.gradle.api.internal.tasks.execution.SkipUpToDateTaskExecuter.execute(Lorg/gradle/api/internal/TaskInternal;Lorg/gradle/api/internal/tasks/TaskStateInternal;Lorg/gradle/api/internal/tasks/TaskExecutionContext;)V+139
j  org.gradle.api.internal.tasks.execution.ValidatingTaskExecuter.execute(Lorg/gradle/api/internal/TaskInternal;Lorg/gradle/api/internal/tasks/TaskStateInternal;Lorg/gradle/api/internal/tasks/TaskExecutionContext;)V+215
j  org.gradle.api.internal.tasks.execution.SkipEmptySourceFilesTaskExecuter.execute(Lorg/gradle/api/internal/TaskInternal;Lorg/gradle/api/internal/tasks/TaskStateInternal;Lorg/gradle/api/internal/tasks/TaskExecutionContext;)V+335
j  org.gradle.api.internal.tasks.execution.ResolveTaskArtifactStateTaskExecuter.execute(Lorg/gradle/api/internal/TaskInternal;Lorg/gradle/api/internal/tasks/TaskStateInternal;Lorg/gradle/api/internal/tasks/TaskExecutionContext;)V+46
j  org.gradle.api.internal.tasks.execution.SkipTaskWithNoActionsExecuter.execute(Lorg/gradle/api/internal/TaskInternal;Lorg/gradle/api/internal/tasks/TaskStateInternal;Lorg/gradle/api/internal/tasks/TaskExecutionContext;)V+119
j  org.gradle.api.internal.tasks.execution.SkipOnlyIfTaskExecuter.execute(Lorg/gradle/api/internal/TaskInternal;Lorg/gradle/api/internal/tasks/TaskStateInternal;Lorg/gradle/api/internal/tasks/TaskExecutionContext;)V+85
j  org.gradle.api.internal.tasks.execution.ExecuteAtMostOnceTaskExecuter.execute(Lorg/gradle/api/internal/TaskInternal;Lorg/gradle/api/internal/tasks/TaskStateInternal;Lorg/gradle/api/internal/tasks/TaskExecutionContext;)V+26
j  org.gradle.api.internal.tasks.execution.CatchExceptionTaskExecuter.execute(Lorg/gradle/api/internal/TaskInternal;Lorg/gradle/api/internal/tasks/TaskStateInternal;Lorg/gradle/api/internal/tasks/TaskExecutionContext;)V+7
j  org.gradle.execution.taskgraph.DefaultTaskGraphExecuter$EventFiringTaskWorker$1.execute(Lorg/gradle/internal/operations/BuildOperationContext;)V+110
j  org.gradle.execution.taskgraph.DefaultTaskGraphExecuter$EventFiringTaskWorker$1.execute(Ljava/lang/Object;)V+5
j  org.gradle.internal.Transformers$4.transform(Ljava/lang/Object;)Ljava/lang/Object;+5
j  org.gradle.internal.progress.DefaultBuildOperationExecutor.run(Lorg/gradle/internal/progress/BuildOperationDetails;Lorg/gradle/api/Transformer;)Ljava/lang/Object;+276
j  org.gradle.internal.progress.DefaultBuildOperationExecutor.run(Lorg/gradle/internal/progress/BuildOperationDetails;Lorg/gradle/api/Action;)V+6
j  org.gradle.execution.taskgraph.DefaultTaskGraphExecuter$EventFiringTaskWorker.execute(Lorg/gradle/api/internal/TaskInternal;)V+80
j  org.gradle.execution.taskgraph.DefaultTaskGraphExecuter$EventFiringTaskWorker.execute(Ljava/lang/Object;)V+5
j  org.gradle.execution.taskgraph.AbstractTaskPlanExecutor$TaskExecutorWorker.processTask(Lorg/gradle/execution/taskgraph/TaskInfo;)V+8
j  org.gradle.execution.taskgraph.AbstractTaskPlanExecutor$TaskExecutorWorker.run()V+74
j  org.gradle.execution.taskgraph.DefaultTaskPlanExecutor.process(Lorg/gradle/execution/taskgraph/TaskExecutionPlan;Lorg/gradle/api/Action;)V+10
j  org.gradle.execution.taskgraph.DefaultTaskGraphExecuter.execute()V+61
j  org.gradle.execution.SelectedTaskExecutionAction.execute(Lorg/gradle/execution/BuildExecutionContext;)V+55
j  org.gradle.execution.DefaultBuildExecuter.execute(Lorg/gradle/api/internal/GradleInternal;I)V+37
j  org.gradle.execution.DefaultBuildExecuter.access$000(Lorg/gradle/execution/DefaultBuildExecuter;Lorg/gradle/api/internal/GradleInternal;I)V+3
j  org.gradle.execution.DefaultBuildExecuter$1.proceed()V+14
j  org.gradle.execution.DryRunBuildExecutionAction.execute(Lorg/gradle/execution/BuildExecutionContext;)V+68
j  org.gradle.execution.DefaultBuildExecuter.execute(Lorg/gradle/api/internal/GradleInternal;I)V+37
j  org.gradle.execution.DefaultBuildExecuter.execute(Lorg/gradle/api/internal/GradleInternal;)V+3
j  org.gradle.initialization.DefaultGradleLauncher$3.execute(Lorg/gradle/internal/operations/BuildOperationContext;)V+14
j  org.gradle.initialization.DefaultGradleLauncher$3.execute(Ljava/lang/Object;)V+5
j  org.gradle.internal.Transformers$4.transform(Ljava/lang/Object;)Ljava/lang/Object;+5
j  org.gradle.internal.progress.DefaultBuildOperationExecutor.run(Lorg/gradle/internal/progress/BuildOperationDetails;Lorg/gradle/api/Transformer;)Ljava/lang/Object;+276
j  org.gradle.internal.progress.DefaultBuildOperationExecutor.run(Ljava/lang/String;Lorg/gradle/api/Action;)V+12
j  org.gradle.initialization.DefaultGradleLauncher.doBuildStages(Lorg/gradle/initialization/DefaultGradleLauncher$Stage;)V+154
j  org.gradle.initialization.DefaultGradleLauncher.doBuild(Lorg/gradle/initialization/DefaultGradleLauncher$Stage;)Lorg/gradle/BuildResult;+17
j  org.gradle.initialization.DefaultGradleLauncher.run()Lorg/gradle/BuildResult;+4
j  org.gradle.launcher.exec.GradleBuildController.run()Lorg/gradle/api/internal/GradleInternal;+4
j  org.gradle.tooling.internal.provider.runner.BuildModelActionRunner.run(Lorg/gradle/internal/invocation/BuildAction;Lorg/gradle/internal/invocation/BuildController;)V+48
j  org.gradle.launcher.exec.ChainingBuildActionRunner.run(Lorg/gradle/internal/invocation/BuildAction;Lorg/gradle/internal/invocation/BuildController;)V+34
j  org.gradle.tooling.internal.provider.runner.RunAsBuildOperationBuildActionRunner$1.execute(Lorg/gradle/internal/operations/BuildOperationContext;)V+15
j  org.gradle.tooling.internal.provider.runner.RunAsBuildOperationBuildActionRunner$1.execute(Ljava/lang/Object;)V+5
j  org.gradle.internal.Transformers$4.transform(Ljava/lang/Object;)Ljava/lang/Object;+5
j  org.gradle.internal.progress.DefaultBuildOperationExecutor.run(Lorg/gradle/internal/progress/BuildOperationDetails;Lorg/gradle/api/Transformer;)Ljava/lang/Object;+276
j  org.gradle.internal.progress.DefaultBuildOperationExecutor.run(Ljava/lang/String;Lorg/gradle/api/Action;)V+12
j  org.gradle.tooling.internal.provider.runner.RunAsBuildOperationBuildActionRunner.run(Lorg/gradle/internal/invocation/BuildAction;Lorg/gradle/internal/invocation/BuildController;)V+16
j  org.gradle.tooling.internal.provider.runner.SubscribableBuildActionRunner.run(Lorg/gradle/internal/invocation/BuildAction;Lorg/gradle/internal/invocation/BuildController;)V+38
j  org.gradle.launcher.exec.ChainingBuildActionRunner.run(Lorg/gradle/internal/invocation/BuildAction;Lorg/gradle/internal/invocation/BuildController;)V+34
j  org.gradle.launcher.exec.InProcessBuildActionExecuter.execute(Lorg/gradle/internal/invocation/BuildAction;Lorg/gradle/initialization/BuildRequestContext;Lorg/gradle/launcher/exec/BuildActionParameters;Lorg/gradle/internal/service/ServiceRegistry;)Ljava/lang/Object;+64
j  org.gradle.launcher.exec.InProcessBuildActionExecuter.execute(Lorg/gradle/internal/invocation/BuildAction;Lorg/gradle/initialization/BuildRequestContext;Ljava/lang/Object;Lorg/gradle/internal/service/ServiceRegistry;)Ljava/lang/Object;+9
j  org.gradle.tooling.internal.provider.ContinuousBuildActionExecuter.execute(Lorg/gradle/internal/invocation/BuildAction;Lorg/gradle/initialization/BuildRequestContext;Lorg/gradle/launcher/exec/BuildActionParameters;Lorg/gradle/internal/service/ServiceRegistry;)Ljava/lang/Object;+28
j  org.gradle.tooling.internal.provider.ContinuousBuildActionExecuter.execute(Lorg/gradle/internal/invocation/BuildAction;Lorg/gradle/initialization/BuildRequestContext;Ljava/lang/Object;Lorg/gradle/internal/service/ServiceRegistry;)Ljava/lang/Object;+9
j  org.gradle.tooling.internal.provider.ServicesSetupBuildActionExecuter.execute(Lorg/gradle/internal/invocation/BuildAction;Lorg/gradle/initialization/BuildRequestContext;Lorg/gradle/launcher/exec/BuildActionParameters;Lorg/gradle/internal/service/ServiceRegistry;)Ljava/lang/Object;+52
j  org.gradle.tooling.internal.provider.ServicesSetupBuildActionExecuter.execute(Lorg/gradle/internal/invocation/BuildAction;Lorg/gradle/initialization/BuildRequestContext;Ljava/lang/Object;Lorg/gradle/internal/service/ServiceRegistry;)Ljava/lang/Object;+9
j  org.gradle.launcher.daemon.server.exec.ExecuteBuild.doBuild(Lorg/gradle/launcher/daemon/server/api/DaemonCommandExecution;Lorg/gradle/launcher/daemon/protocol/Build;)V+114
j  org.gradle.launcher.daemon.server.exec.BuildCommandOnly.execute(Lorg/gradle/launcher/daemon/server/api/DaemonCommandExecution;)V+49
j  org.gradle.launcher.daemon.server.api.DaemonCommandExecution.proceed()Z+28
j  org.gradle.launcher.daemon.server.exec.WatchForDisconnection.execute(Lorg/gradle/launcher/daemon/server/api/DaemonCommandExecution;)V+19
j  org.gradle.launcher.daemon.server.api.DaemonCommandExecution.proceed()Z+28
j  org.gradle.launcher.daemon.server.exec.ResetDeprecationLogger.execute(Lorg/gradle/launcher/daemon/server/api/DaemonCommandExecution;)V+4
j  org.gradle.launcher.daemon.server.api.DaemonCommandExecution.proceed()Z+28
j  org.gradle.launcher.daemon.server.exec.RequestStopIfSingleUsedDaemon.execute(Lorg/gradle/launcher/daemon/server/api/DaemonCommandExecution;)V+33
j  org.gradle.launcher.daemon.server.api.DaemonCommandExecution.proceed()Z+28
j  org.gradle.launcher.daemon.server.exec.ForwardClientInput$2.call()Ljava/lang/Void;+4
j  org.gradle.launcher.daemon.server.exec.ForwardClientInput$2.call()Ljava/lang/Object;+1
j  org.gradle.util.Swapper.swap(Ljava/lang/Object;Ljava/util/concurrent/Callable;)Ljava/lang/Object;+21
j  org.gradle.launcher.daemon.server.exec.ForwardClientInput.execute(Lorg/gradle/launcher/daemon/server/api/DaemonCommandExecution;)V+63
j  org.gradle.launcher.daemon.server.api.DaemonCommandExecution.proceed()Z+28
j  org.gradle.launcher.daemon.server.exec.LogAndCheckHealth.execute(Lorg/gradle/launcher/daemon/server/api/DaemonCommandExecution;)V+28
j  org.gradle.launcher.daemon.server.api.DaemonCommandExecution.proceed()Z+28
j  org.gradle.launcher.daemon.server.exec.LogToClient.doBuild(Lorg/gradle/launcher/daemon/server/api/DaemonCommandExecution;Lorg/gradle/launcher/daemon/protocol/Build;)V+87
j  org.gradle.launcher.daemon.server.exec.BuildCommandOnly.execute(Lorg/gradle/launcher/daemon/server/api/DaemonCommandExecution;)V+49
j  org.gradle.launcher.daemon.server.api.DaemonCommandExecution.proceed()Z+28
j  org.gradle.launcher.daemon.server.exec.EstablishBuildEnvironment.doBuild(Lorg/gradle/launcher/daemon/server/api/DaemonCommandExecution;Lorg/gradle/launcher/daemon/protocol/Build;)V+279
j  org.gradle.launcher.daemon.server.exec.BuildCommandOnly.execute(Lorg/gradle/launcher/daemon/server/api/DaemonCommandExecution;)V+49
j  org.gradle.launcher.daemon.server.api.DaemonCommandExecution.proceed()Z+28
j  org.gradle.launcher.daemon.server.exec.StartBuildOrRespondWithBusy$1.run()V+44
j  org.gradle.launcher.daemon.server.DaemonStateCoordinator$1.run()V+4
j  org.gradle.internal.concurrent.ExecutorPolicy$CatchAndRecordFailures.onExecute(Ljava/lang/Runnable;)V+1
j  org.gradle.internal.concurrent.StoppableExecutorImpl$1.run()V+25
j  java.util.concurrent.ThreadPoolExecutor.runWorker(Ljava/util/concurrent/ThreadPoolExecutor$Worker;)V+95
j  java.util.concurrent.ThreadPoolExecutor$Worker.run()V+5
j  java.lang.Thread.run()V+11
v  ~StubRoutines::call_stub

---------------  P R O C E S S  ---------------

Java Threads: ( => current thread )
  0x000000001b22b800 JavaThread "Cache update executor" [_thread_blocked, id=256728, stack(0x0000000023970000,0x0000000023b70000)]
  0x000000002060c000 JavaThread "File lock request listener" [_thread_in_native, id=256584, stack(0x0000000020b60000,0x0000000020d60000)]
  0x000000001a7bf800 JavaThread "Stdin handler" [_thread_blocked, id=256516, stack(0x000000001d000000,0x000000001d200000)]
  0x000000001a7be800 JavaThread "Asynchronous log dispatcher for DefaultDaemonConnection: socket connection from /127.0.0.1:19847 to /127.0.0.1:19848" [_thread_blocked, id=256512, stack(0x000000001ce00000,0x000000001d000000)]
  0x000000001a82d800 JavaThread "pool-1-thread-1" [_thread_blocked, id=256508, stack(0x000000001cc00000,0x000000001ce00000)]
=>0x0000000019bb8800 JavaThread "Daemon worker" [_thread_in_vm, id=256496, stack(0x000000001ca00000,0x000000001cc00000)]
  0x000000001a122800 JavaThread "Cancel handler" [_thread_blocked, id=256492, stack(0x000000001c800000,0x000000001ca00000)]
  0x000000001a06b800 JavaThread "Handler for socket connection from /127.0.0.1:19847 to /127.0.0.1:19848" [_thread_in_native, id=256488, stack(0x000000001c600000,0x000000001c800000)]
  0x000000001a3c9800 JavaThread "Daemon" [_thread_blocked, id=256484, stack(0x000000001c400000,0x000000001c600000)]
  0x0000000019c37800 JavaThread "Incoming local TCP Connector on port 19847" [_thread_in_native, id=256480, stack(0x000000001bec0000,0x000000001c0c0000)]
  0x00000000188c4800 JavaThread "Service Thread" daemon [_thread_blocked, id=256440, stack(0x0000000018ca0000,0x0000000018ea0000)]
  0x0000000016740800 JavaThread "C1 CompilerThread2" daemon [_thread_blocked, id=256436, stack(0x00000000186a0000,0x00000000188a0000)]
  0x0000000016739800 JavaThread "C2 CompilerThread1" daemon [_thread_blocked, id=256432, stack(0x00000000184a0000,0x00000000186a0000)]
  0x0000000016749000 JavaThread "C2 CompilerThread0" daemon [_thread_blocked, id=256428, stack(0x00000000182a0000,0x00000000184a0000)]
  0x0000000016747800 JavaThread "Attach Listener" daemon [_thread_blocked, id=256424, stack(0x00000000180a0000,0x00000000182a0000)]
  0x0000000016746000 JavaThread "Signal Dispatcher" daemon [_thread_blocked, id=256420, stack(0x0000000017ea0000,0x00000000180a0000)]
  0x00000000029cb000 JavaThread "Finalizer" daemon [_thread_blocked, id=256416, stack(0x0000000017bc0000,0x0000000017dc0000)]
  0x00000000029c0000 JavaThread "Reference Handler" daemon [_thread_blocked, id=256412, stack(0x00000000179c0000,0x0000000017bc0000)]
  0x00000000028d0800 JavaThread "main" [_thread_blocked, id=256388, stack(0x00000000026d0000,0x00000000028d0000)]

Other Threads:
  0x0000000016706800 VMThread [stack: 0x00000000177c0000,0x00000000179c0000] [id=256408]
  0x00000000188c6800 WatcherThread [stack: 0x0000000018ea0000,0x00000000190a0000] [id=256444]

VM state:not at safepoint (normal execution)

VM Mutex/Monitor currently owned by a thread: None

Heap:
 PSYoungGen      total 140800K, used 65346K [0x00000000e0000000, 0x00000000ea480000, 0x0000000100000000)
  eden space 127488K, 40% used [0x00000000e0000000,0x00000000e32d5420,0x00000000e7c80000)
  from space 13312K, 99% used [0x00000000e8d80000,0x00000000e9a7b740,0x00000000e9a80000)
  to   space 17408K, 0% used [0x00000000e7c80000,0x00000000e7c80000,0x00000000e8d80000)
 ParOldGen       total 93184K, used 22626K [0x00000000a0000000, 0x00000000a5b00000, 0x00000000e0000000)
  object space 93184K, 24% used [0x00000000a0000000,0x00000000a1618a98,0x00000000a5b00000)
 Metaspace       used 54487K, capacity 55964K, committed 56064K, reserved 1097728K
  class space    used 7335K, capacity 7669K, committed 7680K, reserved 1048576K

Card table byte_map: [0x0000000011d90000,0x00000000120a0000] byte_map_base: 0x0000000011890000

Marking Bits: (ParMarkBitMap*) 0x0000000063df18f0
 Begin Bits: [0x0000000012aa0000, 0x00000000142a0000)
 End Bits:   [0x00000000142a0000, 0x0000000015aa0000)

Polling page: 0x00000000003d0000

CodeCache: size=245760Kb used=22952Kb max_used=23153Kb free=222807Kb
 bounds [0x00000000029d0000, 0x0000000004080000, 0x00000000119d0000]
 total_blobs=7391 nmethods=6629 adapters=674
 compilation: enabled

Compilation events (10 events):
Event: 31.012 Thread 0x0000000016740800 7319       3       com.sun.tools.javac.util.Context::uncheckedCast (2 bytes)
Event: 31.012 Thread 0x0000000016740800 nmethod 7319 0x0000000002ba8d90 code [0x0000000002ba8ee0, 0x0000000002ba9010]
Event: 31.014 Thread 0x0000000016740800 7320       3       com.sun.tools.javac.util.UnsharedNameTable::fromChars (28 bytes)
Event: 31.015 Thread 0x0000000016740800 nmethod 7320 0x0000000002ba8890 code [0x0000000002ba8a00, 0x0000000002ba8c78]
Event: 31.015 Thread 0x0000000016740800 7321       1       com.sun.tools.javac.util.UnsharedNameTable$NameImpl::getIndex (5 bytes)
Event: 31.015 Thread 0x0000000016740800 nmethod 7321 0x0000000002ba85d0 code [0x0000000002ba8720, 0x0000000002ba8830]
Event: 31.028 Thread 0x0000000016740800 7322       3       com.sun.tools.javac.util.Context::get (82 bytes)
Event: 31.029 Thread 0x0000000016740800 nmethod 7322 0x0000000002fdd790 code [0x0000000002fdda00, 0x0000000002fde918]
Event: 31.317 Thread 0x0000000016740800 7323       1       com.sun.tools.javac.file.Locations::access$500 (5 bytes)
Event: 31.317 Thread 0x0000000016740800 nmethod 7323 0x0000000002ba8310 code [0x0000000002ba8460, 0x0000000002ba8550]

GC Heap History (10 events):
Event: 17.895 GC heap before
{Heap before GC invocations=10 (full 1):
 PSYoungGen      total 87040K, used 42469K [0x00000000e0000000, 0x00000000e6300000, 0x0000000100000000)
  eden space 77312K, 42% used [0x00000000e0000000,0x00000000e1ffd328,0x00000000e4b80000)
  from space 9728K, 99% used [0x00000000e5680000,0x00000000e5ffc498,0x00000000e6000000)
  to   space 11264K, 0% used [0x00000000e4b80000,0x00000000e4b80000,0x00000000e5680000)
 ParOldGen       total 64512K, used 9768K [0x00000000a0000000, 0x00000000a3f00000, 0x00000000e0000000)
  object space 64512K, 15% used [0x00000000a0000000,0x00000000a098a318,0x00000000a3f00000)
 Metaspace       used 34780K, capacity 35292K, committed 35496K, reserved 1079296K
  class space    used 4631K, capacity 4776K, committed 4864K, reserved 1048576K
Event: 17.913 GC heap after
Heap after GC invocations=10 (full 1):
 PSYoungGen      total 88576K, used 6033K [0x00000000e0000000, 0x00000000e7d80000, 0x0000000100000000)
  eden space 77312K, 0% used [0x00000000e0000000,0x00000000e0000000,0x00000000e4b80000)
  from space 11264K, 53% used [0x00000000e4b80000,0x00000000e5164760,0x00000000e5680000)
  to   space 10752K, 0% used [0x00000000e7300000,0x00000000e7300000,0x00000000e7d80000)
 ParOldGen       total 64512K, used 11721K [0x00000000a0000000, 0x00000000a3f00000, 0x00000000e0000000)
  object space 64512K, 18% used [0x00000000a0000000,0x00000000a0b72688,0x00000000a3f00000)
 Metaspace       used 34780K, capacity 35292K, committed 35496K, reserved 1079296K
  class space    used 4631K, capacity 4776K, committed 4864K, reserved 1048576K
}
Event: 17.913 GC heap before
{Heap before GC invocations=11 (full 2):
 PSYoungGen      total 88576K, used 6033K [0x00000000e0000000, 0x00000000e7d80000, 0x0000000100000000)
  eden space 77312K, 0% used [0x00000000e0000000,0x00000000e0000000,0x00000000e4b80000)
  from space 11264K, 53% used [0x00000000e4b80000,0x00000000e5164760,0x00000000e5680000)
  to   space 10752K, 0% used [0x00000000e7300000,0x00000000e7300000,0x00000000e7d80000)
 ParOldGen       total 64512K, used 11721K [0x00000000a0000000, 0x00000000a3f00000, 0x00000000e0000000)
  object space 64512K, 18% used [0x00000000a0000000,0x00000000a0b72688,0x00000000a3f00000)
 Metaspace       used 34780K, capacity 35292K, committed 35496K, reserved 1079296K
  class space    used 4631K, capacity 4776K, committed 4864K, reserved 1048576K
Event: 18.086 GC heap after
Heap after GC invocations=11 (full 2):
 PSYoungGen      total 88576K, used 0K [0x00000000e0000000, 0x00000000e7d80000, 0x0000000100000000)
  eden space 77312K, 0% used [0x00000000e0000000,0x00000000e0000000,0x00000000e4b80000)
  from space 11264K, 0% used [0x00000000e4b80000,0x00000000e4b80000,0x00000000e5680000)
  to   space 10752K, 0% used [0x00000000e7300000,0x00000000e7300000,0x00000000e7d80000)
 ParOldGen       total 93184K, used 14277K [0x00000000a0000000, 0x00000000a5b00000, 0x00000000e0000000)
  object space 93184K, 15% used [0x00000000a0000000,0x00000000a0df1610,0x00000000a5b00000)
 Metaspace       used 34780K, capacity 35292K, committed 35496K, reserved 1079296K
  class space    used 4631K, capacity 4776K, committed 4864K, reserved 1048576K
}
Event: 20.125 GC heap before
{Heap before GC invocations=12 (full 2):
 PSYoungGen      total 88576K, used 77312K [0x00000000e0000000, 0x00000000e7d80000, 0x0000000100000000)
  eden space 77312K, 100% used [0x00000000e0000000,0x00000000e4b80000,0x00000000e4b80000)
  from space 11264K, 0% used [0x00000000e4b80000,0x00000000e4b80000,0x00000000e5680000)
  to   space 10752K, 0% used [0x00000000e7300000,0x00000000e7300000,0x00000000e7d80000)
 ParOldGen       total 93184K, used 14277K [0x00000000a0000000, 0x00000000a5b00000, 0x00000000e0000000)
  object space 93184K, 15% used [0x00000000a0000000,0x00000000a0df1610,0x00000000a5b00000)
 Metaspace       used 40481K, capacity 41300K, committed 41600K, reserved 1085440K
  class space    used 5458K, capacity 5659K, committed 5760K, reserved 1048576K
Event: 20.160 GC heap after
Heap after GC invocations=12 (full 2):
 PSYoungGen      total 111616K, used 9482K [0x00000000e0000000, 0x00000000e7c80000, 0x0000000100000000)
  eden space 101888K, 0% used [0x00000000e0000000,0x00000000e0000000,0x00000000e6380000)
  from space 9728K, 97% used [0x00000000e7300000,0x00000000e7c42850,0x00000000e7c80000)
  to   space 11264K, 0% used [0x00000000e6680000,0x00000000e6680000,0x00000000e7180000)
 ParOldGen       total 93184K, used 14285K [0x00000000a0000000, 0x00000000a5b00000, 0x00000000e0000000)
  object space 93184K, 15% used [0x00000000a0000000,0x00000000a0df3610,0x00000000a5b00000)
 Metaspace       used 40481K, capacity 41300K, committed 41600K, reserved 1085440K
  class space    used 5458K, capacity 5659K, committed 5760K, reserved 1048576K
}
Event: 22.553 GC heap before
{Heap before GC invocations=13 (full 2):
 PSYoungGen      total 111616K, used 111370K [0x00000000e0000000, 0x00000000e7c80000, 0x0000000100000000)
  eden space 101888K, 100% used [0x00000000e0000000,0x00000000e6380000,0x00000000e6380000)
  from space 9728K, 97% used [0x00000000e7300000,0x00000000e7c42850,0x00000000e7c80000)
  to   space 11264K, 0% used [0x00000000e6680000,0x00000000e6680000,0x00000000e7180000)
 ParOldGen       total 93184K, used 14285K [0x00000000a0000000, 0x00000000a5b00000, 0x00000000e0000000)
  object space 93184K, 15% used [0x00000000a0000000,0x00000000a0df3610,0x00000000a5b00000)
 Metaspace       used 44492K, capacity 45472K, committed 45696K, reserved 1089536K
  class space    used 5914K, capacity 6153K, committed 6272K, reserved 1048576K
Event: 22.570 GC heap after
Heap after GC invocations=13 (full 2):
 PSYoungGen      total 116224K, used 11260K [0x00000000e0000000, 0x00000000e9a80000, 0x0000000100000000)
  eden space 104960K, 0% used [0x00000000e0000000,0x00000000e0000000,0x00000000e6680000)
  from space 11264K, 99% used [0x00000000e6680000,0x00000000e717f078,0x00000000e7180000)
  to   space 13312K, 0% used [0x00000000e8d80000,0x00000000e8d80000,0x00000000e9a80000)
 ParOldGen       total 93184K, used 15651K [0x00000000a0000000, 0x00000000a5b00000, 0x00000000e0000000)
  object space 93184K, 16% used [0x00000000a0000000,0x00000000a0f48d98,0x00000000a5b00000)
 Metaspace       used 44492K, capacity 45472K, committed 45696K, reserved 1089536K
  class space    used 5914K, capacity 6153K, committed 6272K, reserved 1048576K
}
Event: 26.667 GC heap before
{Heap before GC invocations=14 (full 2):
 PSYoungGen      total 116224K, used 116220K [0x00000000e0000000, 0x00000000e9a80000, 0x0000000100000000)
  eden space 104960K, 100% used [0x00000000e0000000,0x00000000e6680000,0x00000000e6680000)
  from space 11264K, 99% used [0x00000000e6680000,0x00000000e717f078,0x00000000e7180000)
  to   space 13312K, 0% used [0x00000000e8d80000,0x00000000e8d80000,0x00000000e9a80000)
 ParOldGen       total 93184K, used 15651K [0x00000000a0000000, 0x00000000a5b00000, 0x00000000e0000000)
  object space 93184K, 16% used [0x00000000a0000000,0x00000000a0f48d98,0x00000000a5b00000)
 Metaspace       used 50694K, capacity 52176K, committed 52352K, reserved 1093632K
  class space    used 6836K, capacity 7177K, committed 7296K, reserved 1048576K
Event: 26.700 GC heap after
Heap after GC invocations=14 (full 2):
 PSYoungGen      total 140800K, used 13293K [0x00000000e0000000, 0x00000000ea480000, 0x0000000100000000)
  eden space 127488K, 0% used [0x00000000e0000000,0x00000000e0000000,0x00000000e7c80000)
  from space 13312K, 99% used [0x00000000e8d80000,0x00000000e9a7b740,0x00000000e9a80000)
  to   space 17408K, 0% used [0x00000000e7c80000,0x00000000e7c80000,0x00000000e8d80000)
 ParOldGen       total 93184K, used 22626K [0x00000000a0000000, 0x00000000a5b00000, 0x00000000e0000000)
  object space 93184K, 24% used [0x00000000a0000000,0x00000000a1618a98,0x00000000a5b00000)
 Metaspace       used 50694K, capacity 52176K, committed 52352K, reserved 1093632K
  class space    used 6836K, capacity 7177K, committed 7296K, reserved 1048576K
}

Deoptimization events (10 events):
Event: 28.381 Thread 0x0000000019bb8800 Uncommon trap: reason=unstable_if action=reinterpret pc=0x0000000003ef6008 method=java.util.concurrent.locks.ReentrantLock$Sync.nonfairTryAcquire(I)Z @ 34
Event: 28.713 Thread 0x0000000019bb8800 Uncommon trap: reason=unstable_if action=reinterpret pc=0x000000000318303c method=com.google.common.cache.LocalCache$AccessQueue.peek()Lcom/google/common/cache/LocalCache$ReferenceEntry; @ 15
Event: 28.719 Thread 0x0000000019bb8800 Uncommon trap: reason=unstable_if action=reinterpret pc=0x000000000317f81c method=com.google.common.cache.LocalCache$AccessQueue.peek()Lcom/google/common/cache/LocalCache$ReferenceEntry; @ 15
Event: 28.730 Thread 0x0000000019bb8800 Uncommon trap: reason=unstable_if action=reinterpret pc=0x0000000004019810 method=org.gradle.api.internal.file.pattern.PatternMatcherFactory$PathMatcherBackedSpec.isSatisfiedBy(Lorg/gradle/api/file/RelativePath;)Z @ 11
Event: 28.731 Thread 0x0000000019bb8800 Uncommon trap: reason=unstable_if action=reinterpret pc=0x0000000004013560 method=org.gradle.api.internal.file.pattern.PatternMatcherFactory$PathMatcherBackedSpec.isSatisfiedBy(Lorg/gradle/api/file/RelativePath;)Z @ 11
Event: 28.732 Thread 0x0000000019bb8800 Uncommon trap: reason=unstable_if action=reinterpret pc=0x0000000004017290 method=org.gradle.api.internal.file.pattern.FixedStepsPathMatcher.matches([Ljava/lang/String;I)Z @ 70
Event: 28.835 Thread 0x0000000019bb8800 Uncommon trap: reason=unstable_if action=reinterpret pc=0x00000000040036e4 method=org.gradle.api.internal.file.pattern.FixedStepsPathMatcher.matches([Ljava/lang/String;I)Z @ 70
Event: 29.022 Thread 0x0000000019bb8800 Uncommon trap: reason=unstable_if action=reinterpret pc=0x0000000003bff480 method=java.lang.ClassLoader.checkCerts(Ljava/lang/String;Ljava/security/CodeSource;)V @ 45
Event: 29.034 Thread 0x0000000019bb8800 Uncommon trap: reason=unstable_if action=reinterpret pc=0x0000000003b4615c method=java.lang.ClassLoader.checkCerts(Ljava/lang/String;Ljava/security/CodeSource;)V @ 45
Event: 31.432 Thread 0x0000000019bb8800 Uncommon trap: reason=unstable_if action=reinterpret pc=0x000000000385e570 method=java.lang.StringCoding$StringDecoder.decode([BII)[C @ 20

Internal exceptions (10 events):
Event: 25.183 Thread 0x0000000019bb8800 Exception <a 'java/lang/ClassNotFoundException': org/gradle/model/internal/core/NodeBackedModelMapBeanInfo> (0x00000000e52814d0) thrown at [C:\src\android\AOSP-openjdk\external\jetbrains\jdk\hotspot\src\share\vm\classfile\systemDictionary.cpp, line 210]
Event: 25.186 Thread 0x0000000019bb8800 Exception <a 'java/lang/ClassNotFoundException': org/gradle/model/internal/core/ModelMapGroovyViewBeanInfo> (0x00000000e5293408) thrown at [C:\src\android\AOSP-openjdk\external\jetbrains\jdk\hotspot\src\share\vm\classfile\systemDictionary.cpp, line 210]
Event: 25.187 Thread 0x0000000019bb8800 Exception <a 'java/lang/ClassNotFoundException': org/gradle/model/internal/core/ModelMapGroovyViewCustomizer> (0x00000000e52a5ee8) thrown at [C:\src\android\AOSP-openjdk\external\jetbrains\jdk\hotspot\src\share\vm\classfile\systemDictionary.cpp, line 210]
Event: 25.192 Thread 0x0000000019bb8800 Exception <a 'java/lang/ClassNotFoundException': org/gradle/model/internal/core/NodeBackedModelMapCustomizer> (0x00000000e52cbe88) thrown at [C:\src\android\AOSP-openjdk\external\jetbrains\jdk\hotspot\src\share\vm\classfile\systemDictionary.cpp, line 210]
Event: 25.195 Thread 0x0000000019bb8800 Exception <a 'java/lang/ClassNotFoundException': org/gradle/platform/base/BinaryContainer_ImplCustomizer> (0x00000000e532ac80) thrown at [C:\src\android\AOSP-openjdk\external\jetbrains\jdk\hotspot\src\share\vm\classfile\systemDictionary.cpp, line 210]
Event: 25.660 Thread 0x0000000019bb8800 Exception <a 'java/lang/NoSuchMethodError': <clinit>> (0x00000000e58a7cb0) thrown at [C:\src\android\AOSP-openjdk\external\jetbrains\jdk\hotspot\src\share\vm\prims\jni.cpp, line 1613]
Event: 25.660 Thread 0x0000000019bb8800 Exception <a 'java/lang/NoSuchMethodError': <clinit>> (0x00000000e58b5550) thrown at [C:\src\android\AOSP-openjdk\external\jetbrains\jdk\hotspot\src\share\vm\prims\jni.cpp, line 1613]
Event: 25.677 Thread 0x0000000019bb8800 Exception <a 'java/lang/NoSuchMethodError': <clinit>> (0x00000000e5931668) thrown at [C:\src\android\AOSP-openjdk\external\jetbrains\jdk\hotspot\src\share\vm\prims\jni.cpp, line 1613]
Event: 25.679 Thread 0x0000000019bb8800 Exception <a 'java/lang/NoSuchMethodError': <clinit>> (0x00000000e594a3c0) thrown at [C:\src\android\AOSP-openjdk\external\jetbrains\jdk\hotspot\src\share\vm\prims\jni.cpp, line 1613]
Event: 25.679 Thread 0x0000000019bb8800 Exception <a 'java/lang/NoSuchMethodError': <clinit>> (0x00000000e594c040) thrown at [C:\src\android\AOSP-openjdk\external\jetbrains\jdk\hotspot\src\share\vm\prims\jni.cpp, line 1613]

Events (10 events):
Event: 31.437 loading class com/sun/tools/javac/processing/JavacProcessingEnvironment$1
Event: 31.437 loading class com/sun/tools/javac/processing/JavacProcessingEnvironment$1 done
Event: 31.437 loading class javax/annotation/processing/RoundEnvironment
Event: 31.445 loading class javax/annotation/processing/RoundEnvironment done
Event: 31.445 loading class javax/annotation/processing/Messager
Event: 31.445 loading class javax/annotation/processing/Messager done
Event: 31.445 loading class javax/annotation/processing/Filer
Event: 31.445 loading class javax/annotation/processing/Filer done
Event: 31.445 loading class com/sun/tools/javac/processing/ServiceProxy$ServiceConfigurationError
Event: 31.445 loading class com/sun/tools/javac/processing/ServiceProxy$ServiceConfigurationError done


Dynamic libraries:
0x0000000140000000 - 0x0000000140226000 	C:\Program Files\Android\Android Studio\jre\bin\java.exe
0x00007ffa8f240000 - 0x00007ffa8f402000 	C:\Windows\SYSTEM32\ntdll.dll
0x00007ffa8efe0000 - 0x00007ffa8f08d000 	C:\Windows\system32\KERNEL32.DLL
0x00007ffa8c670000 - 0x00007ffa8c84d000 	C:\Windows\system32\KERNELBASE.dll
0x00007ffa8ce50000 - 0x00007ffa8cef6000 	C:\Windows\system32\ADVAPI32.dll
0x00007ffa8ef40000 - 0x00007ffa8efdd000 	C:\Windows\system32\msvcrt.dll
0x00007ffa8ea90000 - 0x00007ffa8eaeb000 	C:\Windows\system32\sechost.dll
0x00007ffa8ec50000 - 0x00007ffa8ed76000 	C:\Windows\system32\RPCRT4.dll
0x00007ffa8e4f0000 - 0x00007ffa8e63e000 	C:\Windows\system32\USER32.dll
0x00007ffa8cba0000 - 0x00007ffa8cd25000 	C:\Windows\system32\GDI32.dll
0x00007ffa7f0a0000 - 0x00007ffa7f314000 	C:\Windows\WinSxS\amd64_microsoft.windows.common-controls_6595b64144ccf1df_6.0.10240.16384_none_f41f7b285750ef43\COMCTL32.dll
0x00007ffa8cd30000 - 0x00007ffa8cd66000 	C:\Windows\system32\IMM32.DLL
0x00007ffa8e760000 - 0x00007ffa8e8bc000 	C:\Windows\system32\MSCTF.dll
0x0000000063390000 - 0x0000000063462000 	C:\Program Files\Android\Android Studio\jre\jre\bin\msvcr100.dll
0x0000000063630000 - 0x0000000063e6c000 	C:\Program Files\Android\Android Studio\jre\jre\bin\server\jvm.dll
0x00007ffa8cb90000 - 0x00007ffa8cb98000 	C:\Windows\system32\PSAPI.DLL
0x00007ffa7d1a0000 - 0x00007ffa7d1a9000 	C:\Windows\SYSTEM32\WSOCK32.dll
0x00007ffa7d620000 - 0x00007ffa7d643000 	C:\Windows\SYSTEM32\WINMM.dll
0x00007ffa8e640000 - 0x00007ffa8e6a9000 	C:\Windows\system32\WS2_32.dll
0x00007ffa8ed80000 - 0x00007ffa8ed88000 	C:\Windows\system32\NSI.dll
0x00007ffa7eef0000 - 0x00007ffa7eefa000 	C:\Windows\SYSTEM32\VERSION.dll
0x00007ffa7d5f0000 - 0x00007ffa7d61c000 	C:\Windows\SYSTEM32\WINMMBASE.dll
0x00007ffa8bff0000 - 0x00007ffa8c034000 	C:\Windows\system32\cfgmgr32.dll
0x00007ffa8a5e0000 - 0x00007ffa8a607000 	C:\Windows\SYSTEM32\DEVOBJ.dll
0x00007ffa82c80000 - 0x00007ffa82c8f000 	C:\Program Files\Android\Android Studio\jre\jre\bin\verify.dll
0x00007ffa723f0000 - 0x00007ffa72419000 	C:\Program Files\Android\Android Studio\jre\jre\bin\java.dll
0x00007ffa79240000 - 0x00007ffa79256000 	C:\Program Files\Android\Android Studio\jre\jre\bin\zip.dll
0x00007ffa8cf00000 - 0x00007ffa8e425000 	C:\Windows\system32\SHELL32.dll
0x00007ffa8c040000 - 0x00007ffa8c668000 	C:\Windows\system32\windows.storage.dll
0x00007ffa8c910000 - 0x00007ffa8cb8c000 	C:\Windows\system32\combase.dll
0x00007ffa8cdf0000 - 0x00007ffa8ce41000 	C:\Windows\system32\shlwapi.dll
0x00007ffa8bcb0000 - 0x00007ffa8bcbf000 	C:\Windows\system32\kernel.appcore.dll
0x00007ffa8c850000 - 0x00007ffa8c903000 	C:\Windows\system32\shcore.dll
0x00007ffa8bcc0000 - 0x00007ffa8bd0a000 	C:\Windows\system32\powrprof.dll
0x00007ffa8bc70000 - 0x00007ffa8bc83000 	C:\Windows\system32\profapi.dll
0x00007ffa78ff0000 - 0x00007ffa7900a000 	C:\Program Files\Android\Android Studio\jre\jre\bin\net.dll
0x00007ffa8b4d0000 - 0x00007ffa8b52d000 	C:\Windows\system32\mswsock.dll
0x00007ffa78f00000 - 0x00007ffa78f11000 	C:\Program Files\Android\Android Studio\jre\jre\bin\nio.dll
0x00007ffa7a160000 - 0x00007ffa7a17e000 	C:\Users\Mu7ammed_A4raf\.gradle\native\23\windows-amd64\native-platform.dll
0x00007ffa8b530000 - 0x00007ffa8b547000 	C:\Windows\SYSTEM32\CRYPTSP.dll
0x00007ffa8b7b0000 - 0x00007ffa8b7d8000 	C:\Windows\SYSTEM32\bcrypt.dll
0x00007ffa8b130000 - 0x00007ffa8b163000 	C:\Windows\system32\rsaenh.dll
0x00007ffa8b220000 - 0x00007ffa8b23f000 	C:\Windows\SYSTEM32\USERENV.dll
0x00007ffa8bac0000 - 0x00007ffa8bb2b000 	C:\Windows\system32\bcryptprimitives.dll
0x00007ffa8b770000 - 0x00007ffa8b77b000 	C:\Windows\SYSTEM32\CRYPTBASE.dll
0x00007ffa89100000 - 0x00007ffa89138000 	C:\Windows\SYSTEM32\IPHLPAPI.DLL
0x00007ffa890f0000 - 0x00007ffa890fb000 	C:\Windows\SYSTEM32\WINNSI.DLL
0x00007ffa87b60000 - 0x00007ffa87b76000 	C:\Windows\SYSTEM32\dhcpcsvc6.DLL
0x00007ffa86290000 - 0x00007ffa862aa000 	C:\Windows\SYSTEM32\dhcpcsvc.DLL
0x00007ffa7b1a0000 - 0x00007ffa7b1ad000 	C:\Program Files\Android\Android Studio\jre\jre\bin\management.dll
0x00007ffa8bd70000 - 0x00007ffa8bf31000 	C:\Windows\system32\crypt32.dll
0x00007ffa8bc90000 - 0x00007ffa8bca1000 	C:\Windows\system32\MSASN1.dll
0x00007ffa8e430000 - 0x00007ffa8e4ee000 	C:\Windows\system32\oleaut32.dll
0x00007ffa8f0f0000 - 0x00007ffa8f231000 	C:\Windows\system32\ole32.dll
0x0000000180000000 - 0x0000000180003000 	C:\Windows\SYSTEM32\sfc.dll
0x00007ffa7f690000 - 0x00007ffa7f6a1000 	C:\Windows\SYSTEM32\sfc_os.DLL
0x00007ffa7c840000 - 0x00007ffa7c849000 	C:\Windows\SYSTEM32\pstorec.dll
0x00007ffa8b8c0000 - 0x00007ffa8b8ec000 	C:\Windows\SYSTEM32\SspiCli.dll
0x00007ffa8a540000 - 0x00007ffa8a5d6000 	C:\Windows\system32\uxtheme.dll
0x00007ffa89860000 - 0x00007ffa89882000 	C:\Windows\system32\dwmapi.dll

VM Arguments:
jvm_args: -Xmx1536m -Dfile.encoding=windows-1252 -Duser.country=US -Duser.language=en -Duser.variant 
java_command: org.gradle.launcher.daemon.bootstrap.GradleDaemon 3.3
java_class_path (initial): C:\Users\Mu7ammed_A4raf\.gradle\wrapper\dists\gradle-3.3-all\55gk2rcmfc6p2dg9u9ohc3hw9\gradle-3.3\lib\gradle-launcher-3.3.jar
Launcher Type: SUN_STANDARD

Environment Variables:
PATH=C:\Program Files (x86)\ActiveState Komodo Edit 10\;C:\ProgramData\Oracle\Java\javapath;C:\Windows\system32;C:\Windows;C:\Windows\System32\Wbem;C:\Windows\System32\WindowsPowerShell\v1.0\;C:\Program Files (x86)\AMD\ATI.ACE\Core-Static;C:\Program Files\Intel\WiFi\bin\;C:\Program Files\Common Files\Intel\WirelessCommon\;C:\Program Files (x86)\Windows Kits\8.1\Windows Performance Toolkit\;C:\Program Files\Microsoft SQL Server\110\Tools\Binn\;C:\Program Files (x86)\Common Files\lenovo\easyplussdk\bin;C:\Program Files\MATLAB\R2010a\runtime\win64;C:\Program Files\MATLAB\R2010a\bin;C:\Program Files\Intel\WiFi\bin\;C:\Program Files\Common Files\Intel\WirelessCommon\
USERNAME=Mu7ammed_A4raf
OS=Windows_NT
PROCESSOR_IDENTIFIER=Intel64 Family 6 Model 61 Stepping 4, GenuineIntel



---------------  S Y S T E M  ---------------

OS: Windows 10.0 , 64 bit Build 10240 (10.0.10240.16384)

CPU:total 4 (2 cores per cpu, 2 threads per core) family 6 model 61 stepping 4, cmov, cx8, fxsr, mmx, sse, sse2, sse3, ssse3, sse4.1, sse4.2, popcnt, avx, avx2, aes, clmul, erms, 3dnowpref, lzcnt, ht, tsc, tscinvbit, bmi1, bmi2, adx

Memory: 4k page, physical 8305600k(675028k free), swap 17742784k(5181452k free)

vm_info: OpenJDK 64-Bit Server VM (25.112-b06) for windows-amd64 JRE (1.8.0_112-release-b06), built on Dec  8 2016 00:54:26 by "builder" with MS VC++ 10.0 (VS2010)

time: Fri Dec 01 14:36:19 2017
elapsed time: 31 seconds (0d 0h 0m 31s)

