#
# A fatal error has been detected by the Java Runtime Environment:
#
#  EXCEPTION_ACCESS_VIOLATION (0xc0000005) at pc=0x00000000029780bd, pid=221068, tid=0x0000000000035f7c
#
# JRE version: OpenJDK Runtime Environment (8.0_112-b06) (build 1.8.0_112-release-b06)
# Java VM: OpenJDK 64-Bit Server VM (25.112-b06 mixed mode windows-amd64 compressed oops)
# Problematic frame:
# 
[error occurred during error reporting (printing problematic frame), id 0xc0000005]

# Failed to write core dump. Minidumps are not enabled by default on client versions of Windows
#
# If you would like to submit a bug report, please visit:
#   http://bugreport.java.com/bugreport/crash.jsp
#

---------------  T H R E A D  ---------------

Current thread (0x000000001a546000):  JavaThread "Daemon worker" [_thread_in_Java, id=221052, stack(0x000000001c930000,0x000000001cb30000)]

siginfo: ExceptionCode=0xc0000005, reading address 0x000000002a90c120

Registers:
RAX=0x0000000000000000, RBX=0x000000002a70c118, RCX=0x000000000003fffc, RDX=0x000000001cb2cc28
RSP=0x000000001cb2cc78, RBP=0x000000001cb2ccc8, RSI=0x0000000000000118, RDI=0x0000000000000141
R8 =0x0000000000000138, R9 =0x00000000e94627e8, R10=0x0000000064ad1e80, R11=0x0000000003c161c0
R12=0x0000000000000000, R13=0x000000002a70a14a, R14=0x000000001cb2cce8, R15=0x000000001a546000
RIP=0x00000000029780bd, EFLAGS=0x0000000000010206

Top of Stack: (sp=0x000000001cb2cc78)
0x000000001cb2cc78:   00000000e2382180 00000000e2381ff8
0x000000001cb2cc88:   000000001cb2cc88 000000002a70a14a
0x000000001cb2cc98:   000000001cb2cce8 000000002a70c118
0x000000001cb2cca8:   0000000000000000 000000002a70a180
0x000000001cb2ccb8:   0000000000000000 000000001cb2ccd8
0x000000001cb2ccc8:   000000001cb2cd30 000000000297809d
0x000000001cb2ccd8:   00000000e221f1a0 00000000e2381ff8
0x000000001cb2cce8:   00000000e06e05f8 000000001cb2ccf0
0x000000001cb2ccf8:   000000002a7b9761 000000001cb2cd48
0x000000001cb2cd08:   000000002a7b9810 0000000000000000
0x000000001cb2cd18:   000000002a7b9788 000000001cb2ccd8
0x000000001cb2cd28:   000000001cb2cd40 000000001cb2cd90
0x000000001cb2cd38:   000000000297809d 00000000e2381ff8
0x000000001cb2cd48:   00000000e221f1c0 000000001cb2cd50
0x000000001cb2cd58:   000000002a7b948d 000000001cb2cdc0
0x000000001cb2cd68:   000000002a7b9810 0000000000000000 

Instructions: (pc=0x00000000029780bd)
0x000000000297809d:   48 8b 65 f0 48 c7 45 f0 00 00 00 00 4c 8b 6d c8
0x00000000029780ad:   4c 8b 75 d0 41 0f b7 4d 01 48 8b 5d d8 c1 e1 02
0x00000000029780bd:   8b 5c cb 28 81 e3 ff 00 00 00 48 8d 24 dc 41 0f
0x00000000029780cd:   b6 5d 03 49 83 c5 03 49 ba 80 1e ad 64 00 00 00 


Register to memory mapping:

RAX=0x0000000000000000 is an unknown value
RBX=0x000000002a70c118 is pointing into metadata
RCX=0x000000000003fffc is an unknown value
RDX=0x000000001cb2cc28 is pointing into the stack for thread: 0x000000001a546000
RSP=0x000000001cb2cc78 is pointing into the stack for thread: 0x000000001a546000
RBP=0x000000001cb2ccc8 is pointing into the stack for thread: 0x000000001a546000
RSI=0x0000000000000118 is an unknown value
RDI=0x0000000000000141 is an unknown value
R8 =0x0000000000000138 is an unknown value
R9 =0x00000000e94627e8 is an oop
java.lang.Class 
 - klass: 'java/lang/Class'
R10=0x0000000064ad1e80 is an unknown value
R11=0x0000000003c161c0 is at entry_point+32 in (nmethod*)0x0000000003c16050
R12=0x0000000000000000 is an unknown value
R13=0x000000002a70a14a is pointing into metadata
R14=0x000000001cb2cce8 is pointing into the stack for thread: 0x000000001a546000
R15=0x000000001a546000 is a thread


Stack: [0x000000001c930000,0x000000001cb30000],  sp=0x000000001cb2cc78,  free space=2035k
Native frames: (J=compiled Java code, j=interpreted, Vv=VM code, C=native code)
C  0x00000000029780bd


---------------  P R O C E S S  ---------------

Java Threads: ( => current thread )
  0x000000001f332800 JavaThread "Cache update executor" [_thread_blocked, id=220700, stack(0x000000002a8d0000,0x000000002aad0000)]
  0x000000001f331000 JavaThread "pool-2-thread-1" [_thread_blocked, id=220904, stack(0x0000000021110000,0x0000000021310000)]
  0x000000001f330800 JavaThread "File lock request listener" [_thread_in_native, id=218648, stack(0x0000000021410000,0x0000000021610000)]
  0x0000000019f71000 JavaThread "Stdin handler" [_thread_blocked, id=220664, stack(0x000000001cf30000,0x000000001d130000)]
  0x0000000019ee7800 JavaThread "Asynchronous log dispatcher for DefaultDaemonConnection: socket connection from /127.0.0.1:60849 to /127.0.0.1:60850" [_thread_blocked, id=220272, stack(0x000000001cd30000,0x000000001cf30000)]
  0x000000001a0b7800 JavaThread "pool-1-thread-1" [_thread_blocked, id=219232, stack(0x000000001cb30000,0x000000001cd30000)]
=>0x000000001a546000 JavaThread "Daemon worker" [_thread_in_Java, id=221052, stack(0x000000001c930000,0x000000001cb30000)]
  0x0000000018a39000 JavaThread "Cancel handler" [_thread_blocked, id=221028, stack(0x000000001c730000,0x000000001c930000)]
  0x0000000019443000 JavaThread "Handler for socket connection from /127.0.0.1:60849 to /127.0.0.1:60850" [_thread_in_native, id=220828, stack(0x000000001c530000,0x000000001c730000)]
  0x000000001a094800 JavaThread "Daemon" [_thread_blocked, id=218900, stack(0x000000001c330000,0x000000001c530000)]
  0x000000001a3be800 JavaThread "Incoming local TCP Connector on port 60849" [_thread_in_native, id=220552, stack(0x000000001ad50000,0x000000001af50000)]
  0x000000001885d000 JavaThread "Service Thread" daemon [_thread_blocked, id=220632, stack(0x0000000018c40000,0x0000000018e40000)]
  0x00000000166df800 JavaThread "C1 CompilerThread2" daemon [_thread_blocked, id=221124, stack(0x0000000018640000,0x0000000018840000)]
  0x00000000166eb800 JavaThread "C2 CompilerThread1" daemon [_thread_in_native, id=220804, stack(0x0000000018440000,0x0000000018640000)]
  0x00000000166e9000 JavaThread "C2 CompilerThread0" daemon [_thread_blocked, id=219240, stack(0x0000000018240000,0x0000000018440000)]
  0x00000000166e7800 JavaThread "Attach Listener" daemon [_thread_blocked, id=220416, stack(0x0000000018040000,0x0000000018240000)]
  0x00000000166e6800 JavaThread "Signal Dispatcher" daemon [_thread_blocked, id=220876, stack(0x0000000017e40000,0x0000000018040000)]
  0x00000000166c8800 JavaThread "Finalizer" daemon [_thread_blocked, id=219784, stack(0x0000000017b60000,0x0000000017d60000)]
  0x0000000002961800 JavaThread "Reference Handler" daemon [_thread_blocked, id=220728, stack(0x0000000017960000,0x0000000017b60000)]
  0x0000000002870800 JavaThread "main" [_thread_blocked, id=220776, stack(0x0000000002670000,0x0000000002870000)]

Other Threads:
  0x00000000166a6800 VMThread [stack: 0x0000000017760000,0x0000000017960000] [id=220676]
  0x000000001885e800 WatcherThread [stack: 0x0000000018e40000,0x0000000019040000] [id=220788]

VM state:not at safepoint (normal execution)

VM Mutex/Monitor currently owned by a thread: None

Heap:
 PSYoungGen      total 136192K, used 54874K [0x00000000e0000000, 0x00000000e9b00000, 0x0000000100000000)
  eden space 123392K, 34% used [0x00000000e0000000,0x00000000e2919858,0x00000000e7880000)
  from space 12800K, 99% used [0x00000000e8880000,0x00000000e94fd380,0x00000000e9500000)
  to   space 16384K, 0% used [0x00000000e7880000,0x00000000e7880000,0x00000000e8880000)
 ParOldGen       total 92160K, used 20349K [0x00000000a0000000, 0x00000000a5a00000, 0x00000000e0000000)
  object space 92160K, 22% used [0x00000000a0000000,0x00000000a13df678,0x00000000a5a00000)
 Metaspace       used 50888K, capacity 52438K, committed 52608K, reserved 1095680K
  class space    used 6827K, capacity 7181K, committed 7296K, reserved 1048576K

Card table byte_map: [0x0000000011d30000,0x0000000012040000] byte_map_base: 0x0000000011830000

Marking Bits: (ParMarkBitMap*) 0x0000000064ae18f0
 Begin Bits: [0x0000000012a40000, 0x0000000014240000)
 End Bits:   [0x0000000014240000, 0x0000000015a40000)

Polling page: 0x0000000000bd0000

CodeCache: size=245760Kb used=22570Kb max_used=22582Kb free=223189Kb
 bounds [0x0000000002970000, 0x0000000003fa0000, 0x0000000011970000]
 total_blobs=7217 nmethods=6469 adapters=660
 compilation: enabled

Compilation events (10 events):
Event: 27.682 Thread 0x00000000166df800 nmethod 7217 0x0000000003f8c710 code [0x0000000003f8c8e0, 0x0000000003f8cf28]
Event: 27.682 Thread 0x00000000166df800 7219       3       com.google.common.cache.LocalCache$Strength$1::referenceValue (28 bytes)
Event: 27.682 Thread 0x00000000166df800 nmethod 7219 0x0000000003f8c010 code [0x0000000003f8c1a0, 0x0000000003f8c548]
Event: 27.685 Thread 0x00000000166df800 7221       1       com.google.common.cache.CacheBuilder$1::recordMisses (1 bytes)
Event: 27.685 Thread 0x00000000166df800 nmethod 7221 0x0000000003f8bd50 code [0x0000000003f8bea0, 0x0000000003f8bfb0]
Event: 27.689 Thread 0x00000000166df800 7222       3       org.gradle.api.file.RelativePath::equals (60 bytes)
Event: 27.689 Thread 0x00000000166df800 nmethod 7222 0x0000000003f8f2d0 code [0x0000000003f8f460, 0x0000000003f8f988]
Event: 27.691 Thread 0x00000000166e9000 nmethod 7218 0x0000000003f8e0d0 code [0x0000000003f8e260, 0x0000000003f8e838]
Event: 27.691 Thread 0x00000000166e9000 7220       4       com.google.common.collect.MapMakerInternalMap$WeakEntry::getKey (5 bytes)
Event: 27.692 Thread 0x00000000166e9000 nmethod 7220 0x00000000039ba050 code [0x00000000039ba180, 0x00000000039ba1d8]

GC Heap History (10 events):
Event: 19.204 GC heap before
{Heap before GC invocations=10 (full 1):
 PSYoungGen      total 80384K, used 47532K [0x00000000e0000000, 0x00000000e5a00000, 0x0000000100000000)
  eden space 70656K, 53% used [0x00000000e0000000,0x00000000e24ef1e0,0x00000000e4500000)
  from space 9728K, 99% used [0x00000000e5080000,0x00000000e59fbe48,0x00000000e5a00000)
  to   space 10752K, 0% used [0x00000000e4500000,0x00000000e4500000,0x00000000e4f80000)
 ParOldGen       total 65024K, used 9336K [0x00000000a0000000, 0x00000000a3f80000, 0x00000000e0000000)
  object space 65024K, 14% used [0x00000000a0000000,0x00000000a091e0f8,0x00000000a3f80000)
 Metaspace       used 34758K, capacity 35306K, committed 35496K, reserved 1079296K
  class space    used 4623K, capacity 4781K, committed 4864K, reserved 1048576K
Event: 19.227 GC heap after
Heap after GC invocations=10 (full 1):
 PSYoungGen      total 81408K, used 8194K [0x00000000e0000000, 0x00000000e7580000, 0x0000000100000000)
  eden space 70656K, 0% used [0x00000000e0000000,0x00000000e0000000,0x00000000e4500000)
  from space 10752K, 76% used [0x00000000e4500000,0x00000000e4d008f8,0x00000000e4f80000)
  to   space 11264K, 0% used [0x00000000e6a80000,0x00000000e6a80000,0x00000000e7580000)
 ParOldGen       total 65024K, used 9408K [0x00000000a0000000, 0x00000000a3f80000, 0x00000000e0000000)
  object space 65024K, 14% used [0x00000000a0000000,0x00000000a0930108,0x00000000a3f80000)
 Metaspace       used 34758K, capacity 35306K, committed 35496K, reserved 1079296K
  class space    used 4623K, capacity 4781K, committed 4864K, reserved 1048576K
}
Event: 19.227 GC heap before
{Heap before GC invocations=11 (full 2):
 PSYoungGen      total 81408K, used 8194K [0x00000000e0000000, 0x00000000e7580000, 0x0000000100000000)
  eden space 70656K, 0% used [0x00000000e0000000,0x00000000e0000000,0x00000000e4500000)
  from space 10752K, 76% used [0x00000000e4500000,0x00000000e4d008f8,0x00000000e4f80000)
  to   space 11264K, 0% used [0x00000000e6a80000,0x00000000e6a80000,0x00000000e7580000)
 ParOldGen       total 65024K, used 9408K [0x00000000a0000000, 0x00000000a3f80000, 0x00000000e0000000)
  object space 65024K, 14% used [0x00000000a0000000,0x00000000a0930108,0x00000000a3f80000)
 Metaspace       used 34758K, capacity 35306K, committed 35496K, reserved 1079296K
  class space    used 4623K, capacity 4781K, committed 4864K, reserved 1048576K
Event: 19.373 GC heap after
Heap after GC invocations=11 (full 2):
 PSYoungGen      total 81408K, used 0K [0x00000000e0000000, 0x00000000e7580000, 0x0000000100000000)
  eden space 70656K, 0% used [0x00000000e0000000,0x00000000e0000000,0x00000000e4500000)
  from space 10752K, 0% used [0x00000000e4500000,0x00000000e4500000,0x00000000e4f80000)
  to   space 11264K, 0% used [0x00000000e6a80000,0x00000000e6a80000,0x00000000e7580000)
 ParOldGen       total 92160K, used 14526K [0x00000000a0000000, 0x00000000a5a00000, 0x00000000e0000000)
  object space 92160K, 15% used [0x00000000a0000000,0x00000000a0e2fb60,0x00000000a5a00000)
 Metaspace       used 34758K, capacity 35306K, committed 35496K, reserved 1079296K
  class space    used 4623K, capacity 4781K, committed 4864K, reserved 1048576K
}
Event: 20.891 GC heap before
{Heap before GC invocations=12 (full 2):
 PSYoungGen      total 81408K, used 70656K [0x00000000e0000000, 0x00000000e7580000, 0x0000000100000000)
  eden space 70656K, 100% used [0x00000000e0000000,0x00000000e4500000,0x00000000e4500000)
  from space 10752K, 0% used [0x00000000e4500000,0x00000000e4500000,0x00000000e4f80000)
  to   space 11264K, 0% used [0x00000000e6a80000,0x00000000e6a80000,0x00000000e7580000)
 ParOldGen       total 92160K, used 14526K [0x00000000a0000000, 0x00000000a5a00000, 0x00000000e0000000)
  object space 92160K, 15% used [0x00000000a0000000,0x00000000a0e2fb60,0x00000000a5a00000)
 Metaspace       used 38549K, capacity 39338K, committed 39680K, reserved 1083392K
  class space    used 5141K, capacity 5323K, committed 5376K, reserved 1048576K
Event: 20.925 GC heap after
Heap after GC invocations=12 (full 2):
 PSYoungGen      total 104960K, used 8882K [0x00000000e0000000, 0x00000000e7380000, 0x0000000100000000)
  eden space 95744K, 0% used [0x00000000e0000000,0x00000000e0000000,0x00000000e5d80000)
  from space 9216K, 96% used [0x00000000e6a80000,0x00000000e732ca90,0x00000000e7380000)
  to   space 11264K, 0% used [0x00000000e5d80000,0x00000000e5d80000,0x00000000e6880000)
 ParOldGen       total 92160K, used 14526K [0x00000000a0000000, 0x00000000a5a00000, 0x00000000e0000000)
  object space 92160K, 15% used [0x00000000a0000000,0x00000000a0e2fb60,0x00000000a5a00000)
 Metaspace       used 38549K, capacity 39338K, committed 39680K, reserved 1083392K
  class space    used 5141K, capacity 5323K, committed 5376K, reserved 1048576K
}
Event: 23.672 GC heap before
{Heap before GC invocations=13 (full 2):
 PSYoungGen      total 104960K, used 104626K [0x00000000e0000000, 0x00000000e7380000, 0x0000000100000000)
  eden space 95744K, 100% used [0x00000000e0000000,0x00000000e5d80000,0x00000000e5d80000)
  from space 9216K, 96% used [0x00000000e6a80000,0x00000000e732ca90,0x00000000e7380000)
  to   space 11264K, 0% used [0x00000000e5d80000,0x00000000e5d80000,0x00000000e6880000)
 ParOldGen       total 92160K, used 14526K [0x00000000a0000000, 0x00000000a5a00000, 0x00000000e0000000)
  object space 92160K, 15% used [0x00000000a0000000,0x00000000a0e2fb60,0x00000000a5a00000)
 Metaspace       used 44042K, capacity 44924K, committed 45056K, reserved 1087488K
  class space    used 5847K, capacity 6060K, committed 6144K, reserved 1048576K
Event: 23.688 GC heap after
Heap after GC invocations=13 (full 2):
 PSYoungGen      total 107008K, used 11243K [0x00000000e0000000, 0x00000000e9500000, 0x0000000100000000)
  eden space 95744K, 0% used [0x00000000e0000000,0x00000000e0000000,0x00000000e5d80000)
  from space 11264K, 99% used [0x00000000e5d80000,0x00000000e687af08,0x00000000e6880000)
  to   space 12800K, 0% used [0x00000000e8880000,0x00000000e8880000,0x00000000e9500000)
 ParOldGen       total 92160K, used 15312K [0x00000000a0000000, 0x00000000a5a00000, 0x00000000e0000000)
  object space 92160K, 16% used [0x00000000a0000000,0x00000000a0ef4070,0x00000000a5a00000)
 Metaspace       used 44042K, capacity 44924K, committed 45056K, reserved 1087488K
  class space    used 5847K, capacity 6060K, committed 6144K, reserved 1048576K
}
Event: 26.248 GC heap before
{Heap before GC invocations=14 (full 2):
 PSYoungGen      total 107008K, used 106987K [0x00000000e0000000, 0x00000000e9500000, 0x0000000100000000)
  eden space 95744K, 100% used [0x00000000e0000000,0x00000000e5d80000,0x00000000e5d80000)
  from space 11264K, 99% used [0x00000000e5d80000,0x00000000e687af08,0x00000000e6880000)
  to   space 12800K, 0% used [0x00000000e8880000,0x00000000e8880000,0x00000000e9500000)
 ParOldGen       total 92160K, used 15312K [0x00000000a0000000, 0x00000000a5a00000, 0x00000000e0000000)
  object space 92160K, 16% used [0x00000000a0000000,0x00000000a0ef4070,0x00000000a5a00000)
 Metaspace       used 48203K, capacity 49666K, committed 49920K, reserved 1091584K
  class space    used 6476K, capacity 6791K, committed 6912K, reserved 1048576K
Event: 26.272 GC heap after
Heap after GC invocations=14 (full 2):
 PSYoungGen      total 136192K, used 12788K [0x00000000e0000000, 0x00000000e9b00000, 0x0000000100000000)
  eden space 123392K, 0% used [0x00000000e0000000,0x00000000e0000000,0x00000000e7880000)
  from space 12800K, 99% used [0x00000000e8880000,0x00000000e94fd380,0x00000000e9500000)
  to   space 16384K, 0% used [0x00000000e7880000,0x00000000e7880000,0x00000000e8880000)
 ParOldGen       total 92160K, used 20349K [0x00000000a0000000, 0x00000000a5a00000, 0x00000000e0000000)
  object space 92160K, 22% used [0x00000000a0000000,0x00000000a13df678,0x00000000a5a00000)
 Metaspace       used 48203K, capacity 49666K, committed 49920K, reserved 1091584K
  class space    used 6476K, capacity 6791K, committed 6912K, reserved 1048576K
}

Deoptimization events (10 events):
Event: 26.723 Thread 0x000000001a546000 Uncommon trap: reason=class_check action=maybe_recompile pc=0x00000000037cba68 method=java.lang.AbstractStringBuilder.append(Ljava/lang/CharSequence;II)Ljava/lang/AbstractStringBuilder; @ 18
Event: 26.972 Thread 0x000000001a546000 Uncommon trap: reason=class_check action=maybe_recompile pc=0x00000000035f8700 method=com.google.common.collect.ImmutableList$1.get(I)Ljava/lang/Object; @ 5
Event: 26.988 Thread 0x000000001a546000 Uncommon trap: reason=class_check action=maybe_recompile pc=0x00000000035f8700 method=com.google.common.collect.ImmutableList$1.get(I)Ljava/lang/Object; @ 5
Event: 26.989 Thread 0x000000001a546000 Uncommon trap: reason=class_check action=maybe_recompile pc=0x00000000035f8700 method=com.google.common.collect.ImmutableList$1.get(I)Ljava/lang/Object; @ 5
Event: 26.996 Thread 0x000000001a546000 Uncommon trap: reason=class_check action=maybe_recompile pc=0x00000000035f8700 method=com.google.common.collect.ImmutableList$1.get(I)Ljava/lang/Object; @ 5
Event: 27.061 Thread 0x000000001a546000 Uncommon trap: reason=unstable_if action=reinterpret pc=0x00000000034415a8 method=com.sun.org.apache.xerces.internal.parsers.AbstractDOMParser.startElement(Lcom/sun/org/apache/xerces/internal/xni/QName;Lcom/sun/org/apache/xerces/internal/xni/XMLAttributes;е❰;@
Event: 27.124 Thread 0x000000001a546000 Uncommon trap: reason=unstable_if action=reinterpret pc=0x000000000334c6e4 method=com.sun.org.apache.xerces.internal.dom.DeferredDocumentImpl.getNodeObject(I)Lcom/sun/org/apache/xerces/internal/dom/DeferredNode; @ 252
Event: 27.132 Thread 0x000000001a546000 Uncommon trap: reason=unstable_if action=reinterpret pc=0x000000000334e8ac method=com.sun.org.apache.xerces.internal.dom.DeferredDocumentImpl.getPrevSibling(IZ)I @ 2
Event: 27.613 Thread 0x000000001a546000 Uncommon trap: reason=unstable_if action=reinterpret pc=0x0000000003f5432c method=java.util.concurrent.ConcurrentLinkedQueue.poll()Ljava/lang/Object; @ 41
Event: 27.613 Thread 0x000000001a546000 Uncommon trap: reason=unstable_if action=reinterpret pc=0x0000000003f38814 method=java.util.concurrent.ConcurrentLinkedQueue.poll()Ljava/lang/Object; @ 30

Internal exceptions (10 events):
Event: 26.357 Thread 0x000000001a546000 Exception <a 'java/lang/ClassNotFoundException': org/gradle/model/internal/core/NodeBackedModelMapBeanInfo> (0x00000000e02f3d00) thrown at [C:\src\android\AOSP-openjdk\external\jetbrains\jdk\hotspot\src\share\vm\classfile\systemDictionary.cpp, line 210]
Event: 26.359 Thread 0x000000001a546000 Exception <a 'java/lang/ClassNotFoundException': org/gradle/model/internal/core/ModelMapGroovyViewBeanInfo> (0x00000000e0305c38) thrown at [C:\src\android\AOSP-openjdk\external\jetbrains\jdk\hotspot\src\share\vm\classfile\systemDictionary.cpp, line 210]
Event: 26.360 Thread 0x000000001a546000 Exception <a 'java/lang/ClassNotFoundException': org/gradle/model/internal/core/ModelMapGroovyViewCustomizer> (0x00000000e0318718) thrown at [C:\src\android\AOSP-openjdk\external\jetbrains\jdk\hotspot\src\share\vm\classfile\systemDictionary.cpp, line 210]
Event: 26.362 Thread 0x000000001a546000 Exception <a 'java/lang/ClassNotFoundException': org/gradle/model/internal/core/NodeBackedModelMapCustomizer> (0x00000000e033e6b8) thrown at [C:\src\android\AOSP-openjdk\external\jetbrains\jdk\hotspot\src\share\vm\classfile\systemDictionary.cpp, line 210]
Event: 26.372 Thread 0x000000001a546000 Exception <a 'java/lang/ClassNotFoundException': org/gradle/platform/base/BinaryContainer_ImplCustomizer> (0x00000000e039d3c0) thrown at [C:\src\android\AOSP-openjdk\external\jetbrains\jdk\hotspot\src\share\vm\classfile\systemDictionary.cpp, line 210]
Event: 26.589 Thread 0x000000001a546000 Exception <a 'java/lang/NoSuchMethodError': <clinit>> (0x00000000e08caf98) thrown at [C:\src\android\AOSP-openjdk\external\jetbrains\jdk\hotspot\src\share\vm\prims\jni.cpp, line 1613]
Event: 26.590 Thread 0x000000001a546000 Exception <a 'java/lang/NoSuchMethodError': <clinit>> (0x00000000e08d8838) thrown at [C:\src\android\AOSP-openjdk\external\jetbrains\jdk\hotspot\src\share\vm\prims\jni.cpp, line 1613]
Event: 26.608 Thread 0x000000001a546000 Exception <a 'java/lang/NoSuchMethodError': <clinit>> (0x00000000e0954950) thrown at [C:\src\android\AOSP-openjdk\external\jetbrains\jdk\hotspot\src\share\vm\prims\jni.cpp, line 1613]
Event: 26.610 Thread 0x000000001a546000 Exception <a 'java/lang/NoSuchMethodError': <clinit>> (0x00000000e096d6a8) thrown at [C:\src\android\AOSP-openjdk\external\jetbrains\jdk\hotspot\src\share\vm\prims\jni.cpp, line 1613]
Event: 26.610 Thread 0x000000001a546000 Exception <a 'java/lang/NoSuchMethodError': <clinit>> (0x00000000e096f328) thrown at [C:\src\android\AOSP-openjdk\external\jetbrains\jdk\hotspot\src\share\vm\prims\jni.cpp, line 1613]

Events (10 events):
Event: 27.577 Executing VM operation: ForceSafepoint
Event: 27.577 Executing VM operation: ForceSafepoint done
Event: 27.613 Thread 0x000000001a546000 Uncommon trap: trap_request=0xffffff65 fr.pc=0x0000000003f5432c
Event: 27.613 Thread 0x000000001a546000 DEOPT PACKING pc=0x0000000003f5432c sp=0x000000001cb2c250
Event: 27.613 Thread 0x000000001a546000 DEOPT UNPACKING pc=0x00000000029b556a sp=0x000000001cb2c180 mode 2
Event: 27.613 Thread 0x000000001a546000 Uncommon trap: trap_request=0xffffff65 fr.pc=0x0000000003f38814
Event: 27.613 Thread 0x000000001a546000 DEOPT PACKING pc=0x0000000003f38814 sp=0x000000001cb2c1d0
Event: 27.613 Thread 0x000000001a546000 DEOPT UNPACKING pc=0x00000000029b556a sp=0x000000001cb2c180 mode 2
Event: 27.629 Thread 0x000000001a546000 DEOPT PACKING pc=0x0000000003202c29 sp=0x000000001cb2c620
Event: 27.630 Thread 0x000000001a546000 DEOPT UNPACKING pc=0x00000000029b75bf sp=0x000000001cb2c360 mode 0


Dynamic libraries:
0x0000000140000000 - 0x0000000140226000 	C:\Program Files\Android\Android Studio\jre\bin\java.exe
0x00007ffa8f240000 - 0x00007ffa8f402000 	C:\Windows\SYSTEM32\ntdll.dll
0x00007ffa8efe0000 - 0x00007ffa8f08d000 	C:\Windows\system32\KERNEL32.DLL
0x00007ffa8c670000 - 0x00007ffa8c84d000 	C:\Windows\system32\KERNELBASE.dll
0x00007ffa8ce50000 - 0x00007ffa8cef6000 	C:\Windows\system32\ADVAPI32.dll
0x00007ffa8ef40000 - 0x00007ffa8efdd000 	C:\Windows\system32\msvcrt.dll
0x00007ffa8ea90000 - 0x00007ffa8eaeb000 	C:\Windows\system32\sechost.dll
0x00007ffa8ec50000 - 0x00007ffa8ed76000 	C:\Windows\system32\RPCRT4.dll
0x00007ffa8e4f0000 - 0x00007ffa8e63e000 	C:\Windows\system32\USER32.dll
0x00007ffa8cba0000 - 0x00007ffa8cd25000 	C:\Windows\system32\GDI32.dll
0x00007ffa7f0a0000 - 0x00007ffa7f314000 	C:\Windows\WinSxS\amd64_microsoft.windows.common-controls_6595b64144ccf1df_6.0.10240.16384_none_f41f7b285750ef43\COMCTL32.dll
0x00007ffa8cd30000 - 0x00007ffa8cd66000 	C:\Windows\system32\IMM32.DLL
0x00007ffa8e760000 - 0x00007ffa8e8bc000 	C:\Windows\system32\MSCTF.dll
0x0000000063390000 - 0x0000000063462000 	C:\Program Files\Android\Android Studio\jre\jre\bin\msvcr100.dll
0x0000000064320000 - 0x0000000064b5c000 	C:\Program Files\Android\Android Studio\jre\jre\bin\server\jvm.dll
0x00007ffa8cb90000 - 0x00007ffa8cb98000 	C:\Windows\system32\PSAPI.DLL
0x00007ffa7d620000 - 0x00007ffa7d643000 	C:\Windows\SYSTEM32\WINMM.dll
0x00007ffa7eef0000 - 0x00007ffa7eefa000 	C:\Windows\SYSTEM32\VERSION.dll
0x00007ffa7d1a0000 - 0x00007ffa7d1a9000 	C:\Windows\SYSTEM32\WSOCK32.dll
0x00007ffa7d5f0000 - 0x00007ffa7d61c000 	C:\Windows\SYSTEM32\WINMMBASE.dll
0x00007ffa8e640000 - 0x00007ffa8e6a9000 	C:\Windows\system32\WS2_32.dll
0x00007ffa8bff0000 - 0x00007ffa8c034000 	C:\Windows\system32\cfgmgr32.dll
0x00007ffa8ed80000 - 0x00007ffa8ed88000 	C:\Windows\system32\NSI.dll
0x00007ffa8a5e0000 - 0x00007ffa8a607000 	C:\Windows\SYSTEM32\DEVOBJ.dll
0x00007ffa86b20000 - 0x00007ffa86b2f000 	C:\Program Files\Android\Android Studio\jre\jre\bin\verify.dll
0x00007ffa86a60000 - 0x00007ffa86a89000 	C:\Program Files\Android\Android Studio\jre\jre\bin\java.dll
0x00007ffa86a40000 - 0x00007ffa86a56000 	C:\Program Files\Android\Android Studio\jre\jre\bin\zip.dll
0x00007ffa8cf00000 - 0x00007ffa8e425000 	C:\Windows\system32\SHELL32.dll
0x00007ffa8c040000 - 0x00007ffa8c668000 	C:\Windows\system32\windows.storage.dll
0x00007ffa8c910000 - 0x00007ffa8cb8c000 	C:\Windows\system32\combase.dll
0x00007ffa8cdf0000 - 0x00007ffa8ce41000 	C:\Windows\system32\shlwapi.dll
0x00007ffa8bcb0000 - 0x00007ffa8bcbf000 	C:\Windows\system32\kernel.appcore.dll
0x00007ffa8c850000 - 0x00007ffa8c903000 	C:\Windows\system32\shcore.dll
0x00007ffa8bcc0000 - 0x00007ffa8bd0a000 	C:\Windows\system32\powrprof.dll
0x00007ffa8bc70000 - 0x00007ffa8bc83000 	C:\Windows\system32\profapi.dll
0x00007ffa86a20000 - 0x00007ffa86a3a000 	C:\Program Files\Android\Android Studio\jre\jre\bin\net.dll
0x00007ffa8b4d0000 - 0x00007ffa8b52d000 	C:\Windows\system32\mswsock.dll
0x00007ffa86a00000 - 0x00007ffa86a11000 	C:\Program Files\Android\Android Studio\jre\jre\bin\nio.dll
0x00007ffa71c40000 - 0x00007ffa71c5e000 	C:\Users\Mu7ammed_A4raf\.gradle\native\23\windows-amd64\native-platform.dll
0x00007ffa8b530000 - 0x00007ffa8b547000 	C:\Windows\SYSTEM32\CRYPTSP.dll
0x00007ffa8b7b0000 - 0x00007ffa8b7d8000 	C:\Windows\SYSTEM32\bcrypt.dll
0x00007ffa8b130000 - 0x00007ffa8b163000 	C:\Windows\system32\rsaenh.dll
0x00007ffa8b220000 - 0x00007ffa8b23f000 	C:\Windows\SYSTEM32\USERENV.dll
0x00007ffa8bac0000 - 0x00007ffa8bb2b000 	C:\Windows\system32\bcryptprimitives.dll
0x00007ffa8b770000 - 0x00007ffa8b77b000 	C:\Windows\SYSTEM32\CRYPTBASE.dll
0x00007ffa89100000 - 0x00007ffa89138000 	C:\Windows\SYSTEM32\IPHLPAPI.DLL
0x00007ffa890f0000 - 0x00007ffa890fb000 	C:\Windows\SYSTEM32\WINNSI.DLL
0x00007ffa87b60000 - 0x00007ffa87b76000 	C:\Windows\SYSTEM32\dhcpcsvc6.DLL
0x00007ffa86290000 - 0x00007ffa862aa000 	C:\Windows\SYSTEM32\dhcpcsvc.DLL
0x00007ffa78eb0000 - 0x00007ffa78ebd000 	C:\Program Files\Android\Android Studio\jre\jre\bin\management.dll
0x00007ffa8bd70000 - 0x00007ffa8bf31000 	C:\Windows\system32\crypt32.dll
0x00007ffa8bc90000 - 0x00007ffa8bca1000 	C:\Windows\system32\MSASN1.dll
0x00007ffa8e430000 - 0x00007ffa8e4ee000 	C:\Windows\system32\oleaut32.dll
0x00007ffa8f0f0000 - 0x00007ffa8f231000 	C:\Windows\system32\ole32.dll
0x0000000180000000 - 0x0000000180003000 	C:\Windows\SYSTEM32\sfc.dll
0x00007ffa7f690000 - 0x00007ffa7f6a1000 	C:\Windows\SYSTEM32\sfc_os.DLL
0x00007ffa7c840000 - 0x00007ffa7c849000 	C:\Windows\SYSTEM32\pstorec.dll
0x00007ffa8b8c0000 - 0x00007ffa8b8ec000 	C:\Windows\SYSTEM32\SspiCli.dll
0x00007ffa8a540000 - 0x00007ffa8a5d6000 	C:\Windows\system32\uxtheme.dll
0x00007ffa89860000 - 0x00007ffa89882000 	C:\Windows\system32\dwmapi.dll
0x00007ffa7e830000 - 0x00007ffa7e9ba000 	C:\Windows\SYSTEM32\dbghelp.dll

VM Arguments:
jvm_args: -Xmx1536m -Dfile.encoding=windows-1252 -Duser.country=US -Duser.language=en -Duser.variant 
java_command: org.gradle.launcher.daemon.bootstrap.GradleDaemon 3.3
java_class_path (initial): C:\Users\Mu7ammed_A4raf\.gradle\wrapper\dists\gradle-3.3-all\55gk2rcmfc6p2dg9u9ohc3hw9\gradle-3.3\lib\gradle-launcher-3.3.jar
Launcher Type: SUN_STANDARD

Environment Variables:
PATH=C:\Program Files (x86)\ActiveState Komodo Edit 10\;C:\ProgramData\Oracle\Java\javapath;C:\Windows\system32;C:\Windows;C:\Windows\System32\Wbem;C:\Windows\System32\WindowsPowerShell\v1.0\;C:\Program Files (x86)\AMD\ATI.ACE\Core-Static;C:\Program Files\Intel\WiFi\bin\;C:\Program Files\Common Files\Intel\WirelessCommon\;C:\Program Files (x86)\Windows Kits\8.1\Windows Performance Toolkit\;C:\Program Files\Microsoft SQL Server\110\Tools\Binn\;C:\Program Files (x86)\Common Files\lenovo\easyplussdk\bin;C:\Program Files\MATLAB\R2010a\runtime\win64;C:\Program Files\MATLAB\R2010a\bin;C:\Program Files\Intel\WiFi\bin\;C:\Program Files\Common Files\Intel\WirelessCommon\
USERNAME=Mu7ammed_A4raf
OS=Windows_NT
PROCESSOR_IDENTIFIER=Intel64 Family 6 Model 61 Stepping 4, GenuineIntel



---------------  S Y S T E M  ---------------

OS: Windows 10.0 , 64 bit Build 10240 (10.0.10240.16384)

CPU:total 4 (2 cores per cpu, 2 threads per core) family 6 model 61 stepping 4, cmov, cx8, fxsr, mmx, sse, sse2, sse3, ssse3, sse4.1, sse4.2, popcnt, avx, avx2, aes, clmul, erms, 3dnowpref, lzcnt, ht, tsc, tscinvbit, bmi1, bmi2, adx

Memory: 4k page, physical 8305600k(478212k free), swap 17742784k(3917800k free)

vm_info: OpenJDK 64-Bit Server VM (25.112-b06) for windows-amd64 JRE (1.8.0_112-release-b06), built on Dec  8 2016 00:54:26 by "builder" with MS VC++ 10.0 (VS2010)

time: Thu Nov 30 16:43:41 2017
elapsed time: 27 seconds (0d 0h 0m 27s)

